<?xml version="1.0" encoding="UTF-8"?>
<!-- Generated by org.testng.reporters.JUnitReportReporter -->
<testsuite hostname="LTIN484829" failures="0" tests="2" name="TestCase.TS003_UI_EMIcalculator" time="4.691" errors="0" timestamp="2024-11-05T16:49:32 IST" skipped="0">
  <testcase classname="TestCase.TS003_UI_EMIcalculator" name="validate_EMICalPage" time="0.801"/>
  <testcase classname="TestCase.TS003_UI_EMIcalculator" name="user_validate_EMI_Calculator_functionality" time="3.890"/>
</testsuite> <!-- TestCase.TS003_UI_EMIcalculator -->
