<?xml version="1.0" encoding="UTF-8"?>
<!-- Generated by org.testng.reporters.JUnitReportReporter -->
<testsuite hostname="LTIN484829" failures="0" tests="2" name="TestCase.TS001_CarLoanTest" time="3.479" errors="0" timestamp="2024-11-05T16:49:33 IST" skipped="0">
  <testcase classname="TestCase.TS001_CarLoanTest" name="validate_carLoanPage" time="0.517"/>
  <testcase classname="TestCase.TS001_CarLoanTest" name="user_enteringValues_carLoan" time="2.962"/>
</testsuite> <!-- TestCase.TS001_CarLoanTest -->
