<?xml version="1.0" encoding="UTF-8"?>
<!-- Generated by org.testng.reporters.JUnitReportReporter -->
<testsuite hostname="LTIN484829" failures="0" tests="2" name="TestCase.TS002_HomeLoanTest" time="4.695" errors="0" timestamp="2024-11-05T16:49:32 IST" skipped="0">
  <testcase classname="TestCase.TS002_HomeLoanTest" name="validate_HomeLoanPage" time="0.901"/>
  <testcase classname="TestCase.TS002_HomeLoanTest" name="homeloan" time="3.794"/>
</testsuite> <!-- TestCase.TS002_HomeLoanTest -->
