<?xml version="1.0" encoding="UTF-8"?>
<!-- Generated by org.testng.reporters.JUnitReportReporter -->
<testsuite hostname="LTIN484829" failures="0" tests="2" name="TestCase.TS005_UI_LoanTenureCalc" time="4.354" errors="0" timestamp="2024-11-05T16:49:33 IST" skipped="0">
  <testcase classname="TestCase.TS005_UI_LoanTenureCalc" name="validate_EMICalPage" time="0.617"/>
  <testcase classname="TestCase.TS005_UI_LoanTenureCalc" name="user_validate_Loan_Tenure_Calculator_functionality" time="3.737"/>
</testsuite> <!-- TestCase.TS005_UI_LoanTenureCalc -->
