<?xml version="1.0" encoding="UTF-8"?>
<!-- Generated by org.testng.reporters.JUnitReportReporter -->
<testsuite hostname="LTIN484829" failures="0" tests="1" name="TestCase.TS001_CarLoanTest" time="10.171" errors="0" timestamp="2024-10-30T14:28:34 IST" skipped="0">
  <testcase classname="TestCase.TS001_CarLoanTest" name="user_enteringValues_carLoan" time="10.171"/>
</testsuite> <!-- TestCase.TS001_CarLoanTest -->
